;  LST file generated by mikroListExporter - v.2.0 
; Date/Time: 2015-07-06 ¿ÀÀü 11:51:04
;----------------------------------------------

;Address Opcode 	ASM
0x0000	0x2A8E      	GOTO       654
_Interrupt:
0x0004	0x00DF      	MOVWF      R15
0x0005	0x0E03      	SWAPF      STATUS, 0
0x0006	0x0183      	CLRF       STATUS
0x0007	0x00B2      	MOVWF      ___saveSTATUS
0x0008	0x080A      	MOVF       PCLATH, 0
0x0009	0x00B3      	MOVWF      ___savePCLATH
0x000A	0x018A      	CLRF       PCLATH
0x000B	0x0850      	MOVF       R0, 0
0x000C	0x00A1      	MOVWF      33
;f675-fan-ctl.mpas,61 :: 		begin
;f675-fan-ctl.mpas,62 :: 		if T0IF_bit=1 then begin
0x000D	0x1D0B      	BTFSS      T0IF_bit, BitPos(T0IF_bit+0)
0x000E	0x2824      	GOTO       L__Interrupt2
;f675-fan-ctl.mpas,64 :: 		if PWM_OUT=0 then begin
0x000F	0x1283      	BCF        STATUS, 5
0x0010	0x1905      	BTFSC      GP2_bit, BitPos(GP2_bit+0)
0x0011	0x2820      	GOTO       L__Interrupt5
;f675-fan-ctl.mpas,65 :: 		ON_PWM:=PWM;
0x0012	0x082E      	MOVF       _PWM, 0
0x0013	0x00AD      	MOVWF      _ON_PWM
;f675-fan-ctl.mpas,66 :: 		if ON_PWM=0 then
0x0014	0x082E      	MOVF       _PWM, 0
0x0015	0x3A00      	XORLW      0
0x0016	0x1D03      	BTFSS      STATUS, 2
0x0017	0x281B      	GOTO       L__Interrupt8
;f675-fan-ctl.mpas,67 :: 		TMR0:=ON_PWM
0x0018	0x082D      	MOVF       _ON_PWM, 0
0x0019	0x0081      	MOVWF      TMR0
0x001A	0x281F      	GOTO       L__Interrupt9
;f675-fan-ctl.mpas,68 :: 		else begin
L__Interrupt8:
;f675-fan-ctl.mpas,69 :: 		TMR0:=CPWM_MAX-ON_PWM;
0x001B	0x082D      	MOVF       _ON_PWM, 0
0x001C	0x3CFF      	SUBLW      255
0x001D	0x0081      	MOVWF      TMR0
;f675-fan-ctl.mpas,70 :: 		PWM_OUT:=1;
0x001E	0x1505      	BSF        GP2_bit, BitPos(GP2_bit+0)
;f675-fan-ctl.mpas,71 :: 		end;
L__Interrupt9:
;f675-fan-ctl.mpas,72 :: 		end else begin
0x001F	0x2823      	GOTO       L__Interrupt6
L__Interrupt5:
;f675-fan-ctl.mpas,73 :: 		TMR0:=ON_PWM;
0x0020	0x082D      	MOVF       _ON_PWM, 0
0x0021	0x0081      	MOVWF      TMR0
;f675-fan-ctl.mpas,74 :: 		PWM_OUT:=0;
0x0022	0x1105      	BCF        GP2_bit, BitPos(GP2_bit+0)
;f675-fan-ctl.mpas,75 :: 		end;
L__Interrupt6:
;f675-fan-ctl.mpas,76 :: 		T0IF_bit:=0;
0x0023	0x110B      	BCF        T0IF_bit, BitPos(T0IF_bit+0)
;f675-fan-ctl.mpas,77 :: 		end;
L__Interrupt2:
;f675-fan-ctl.mpas,78 :: 		end;
L_end_Interrupt:
L__Interrupt51:
0x0024	0x0821      	MOVF       33, 0
0x0025	0x00D0      	MOVWF      R0
0x0026	0x0833      	MOVF       ___savePCLATH, 0
0x0027	0x008A      	MOVWF      PCLATH
0x0028	0x0E32      	SWAPF      ___saveSTATUS, 0
0x0029	0x0083      	MOVWF      STATUS
0x002A	0x0EDF      	SWAPF      R15, 1
0x002B	0x0E5F      	SWAPF      R15, 0
0x002C	0x0009      	RETFIE
; end of _Interrupt
_Delay_22us:
;__Lib_Delays.mpas,39 :: 		begin
;__Lib_Delays.mpas,40 :: 		Delay_us(22);
0x002D	0x3007      	MOVLW      7
0x002E	0x1283      	BCF        STATUS, 5
0x002F	0x00DD      	MOVWF      R13
L__Delay_22us5:
0x0030	0x0BDD      	DECFSZ     R13, 1
0x0031	0x2830      	GOTO       L__Delay_22us5
;__Lib_Delays.mpas,41 :: 		end;
L_end_Delay_22us:
0x0032	0x0008      	RETURN
; end of _Delay_22us
_EEPROM_Read:
;__Lib_EEPROM.mpas,13 :: 		
;__Lib_EEPROM.mpas,14 :: 		
0x0033	0x1283      	BCF        STATUS, 5
0x0034	0x083A      	MOVF       FARG_EEPROM_Read_address, 0
0x0035	0x1683      	BSF        STATUS, 5
0x0036	0x009B      	MOVWF      EEADR
;__Lib_EEPROM.mpas,15 :: 		
0x0037	0x139C      	BCF        EECON1, 7
;__Lib_EEPROM.mpas,21 :: 		
0x0038	0x141C      	BSF        EECON1, 0
;__Lib_EEPROM.mpas,22 :: 		
0x0039	0x081A      	MOVF       EEDATA, 0
0x003A	0x00D1      	MOVWF      R1
;__Lib_EEPROM.mpas,23 :: 		
0x003B	0x0851      	MOVF       R1, 0
0x003C	0x00D0      	MOVWF      R0
L_end_EEPROM_Read:
0x003D	0x0008      	RETURN
; end of _EEPROM_Read
_Mul_32x32_U:
;__Lib_Math.mpas,1774 :: 		
;__Lib_Math.mpas,1788 :: 		
0x003E	0x1283      	BCF        STATUS, 5
;__Lib_Math.mpas,1789 :: 		
0x003F	0x1303      	BCF        STATUS, 6
;__Lib_Math.mpas,1790 :: 		
0x0040	0x3022      	MOVLW      34
;__Lib_Math.mpas,1791 :: 		
0x0041	0x00DC      	MOVWF      R12
;__Lib_Math.mpas,1792 :: 		
0x0042	0x01D8      	CLRF       R8
;__Lib_Math.mpas,1793 :: 		
0x0043	0x01D9      	CLRF       R9
;__Lib_Math.mpas,1794 :: 		
0x0044	0x01DA      	CLRF       R10
;__Lib_Math.mpas,1795 :: 		
0x0045	0x01DB      	CLRF       R11
;__Lib_Math.mpas,1797 :: 		
_NEXT:
;__Lib_Math.mpas,1801 :: 		
0x0046	0x03DC      	DECF       R12, 1
;__Lib_Math.mpas,1802 :: 		
0x0047	0x1903      	BTFSC      STATUS, 2
;__Lib_Math.mpas,1803 :: 		
0x0048	0x2874      	GOTO       _EXIT2
;__Lib_Math.mpas,1804 :: 		
0x0049	0x1003      	BCF        STATUS, 0
;__Lib_Math.mpas,1806 :: 		
_LOOP:
;__Lib_Math.mpas,1815 :: 		
0x004A	0x0CDB      	RRF        R11, 1
;__Lib_Math.mpas,1816 :: 		
0x004B	0x0CDA      	RRF        R10, 1
;__Lib_Math.mpas,1817 :: 		
0x004C	0x0CD9      	RRF        R9, 1
;__Lib_Math.mpas,1818 :: 		
0x004D	0x0CD8      	RRF        R8, 1
;__Lib_Math.mpas,1819 :: 		
0x004E	0x0CD3      	RRF        R3, 1
;__Lib_Math.mpas,1820 :: 		
0x004F	0x0CD2      	RRF        R2, 1
;__Lib_Math.mpas,1821 :: 		
0x0050	0x0CD1      	RRF        R1, 1
;__Lib_Math.mpas,1822 :: 		
0x0051	0x0CD0      	RRF        R0, 1
;__Lib_Math.mpas,1827 :: 		
0x0052	0x1C03      	BTFSS      STATUS, 0
;__Lib_Math.mpas,1828 :: 		
0x0053	0x2846      	GOTO       _NEXT
;__Lib_Math.mpas,1829 :: 		
0x0054	0x03DC      	DECF       R12, 1
;__Lib_Math.mpas,1830 :: 		
0x0055	0x1903      	BTFSC      STATUS, 2
;__Lib_Math.mpas,1831 :: 		
0x0056	0x2866      	GOTO       _EXIT1
;__Lib_Math.mpas,1838 :: 		
0x0057	0x0854      	MOVF       R4, 0
;__Lib_Math.mpas,1839 :: 		
0x0058	0x07D8      	ADDWF      R8, 1
;__Lib_Math.mpas,1840 :: 		
0x0059	0x0855      	MOVF       R5, 0
;__Lib_Math.mpas,1841 :: 		
0x005A	0x1803      	BTFSC      STATUS, 0
;__Lib_Math.mpas,1842 :: 		
0x005B	0x0F55      	INCFSZ     R5, 0
;__Lib_Math.mpas,1843 :: 		
0x005C	0x07D9      	ADDWF      R9, 1
;__Lib_Math.mpas,1844 :: 		
0x005D	0x0856      	MOVF       R6, 0
;__Lib_Math.mpas,1845 :: 		
0x005E	0x1803      	BTFSC      STATUS, 0
;__Lib_Math.mpas,1846 :: 		
0x005F	0x0F56      	INCFSZ     R6, 0
;__Lib_Math.mpas,1847 :: 		
0x0060	0x07DA      	ADDWF      R10, 1
;__Lib_Math.mpas,1848 :: 		
0x0061	0x0857      	MOVF       R7, 0
;__Lib_Math.mpas,1849 :: 		
0x0062	0x1803      	BTFSC      STATUS, 0
;__Lib_Math.mpas,1850 :: 		
0x0063	0x0F57      	INCFSZ     R7, 0
;__Lib_Math.mpas,1851 :: 		
0x0064	0x07DB      	ADDWF      R11, 1
;__Lib_Math.mpas,1853 :: 		
0x0065	0x284A      	GOTO       _LOOP
;__Lib_Math.mpas,1855 :: 		
_EXIT1:
;__Lib_Math.mpas,1860 :: 		
0x0066	0x0854      	MOVF       R4, 0
;__Lib_Math.mpas,1861 :: 		
0x0067	0x07D8      	ADDWF      R8, 1
;__Lib_Math.mpas,1862 :: 		
0x0068	0x0855      	MOVF       R5, 0
;__Lib_Math.mpas,1863 :: 		
0x0069	0x1803      	BTFSC      STATUS, 0
;__Lib_Math.mpas,1864 :: 		
0x006A	0x0F55      	INCFSZ     R5, 0
;__Lib_Math.mpas,1865 :: 		
0x006B	0x07D9      	ADDWF      R9, 1
;__Lib_Math.mpas,1866 :: 		
0x006C	0x0856      	MOVF       R6, 0
;__Lib_Math.mpas,1867 :: 		
0x006D	0x1803      	BTFSC      STATUS, 0
;__Lib_Math.mpas,1868 :: 		
0x006E	0x0F56      	INCFSZ     R6, 0
;__Lib_Math.mpas,1869 :: 		
0x006F	0x07DA      	ADDWF      R10, 1
;__Lib_Math.mpas,1870 :: 		
0x0070	0x0857      	MOVF       R7, 0
;__Lib_Math.mpas,1871 :: 		
0x0071	0x1803      	BTFSC      STATUS, 0
;__Lib_Math.mpas,1872 :: 		
0x0072	0x0F57      	INCFSZ     R7, 0
;__Lib_Math.mpas,1873 :: 		
0x0073	0x07DB      	ADDWF      R11, 1
;__Lib_Math.mpas,1876 :: 		
_EXIT2:
;__Lib_Math.mpas,1878 :: 		
L_end_Mul_32x32_U:
0x0074	0x0008      	RETURN
; end of _Mul_32x32_U
_Div_16x16_U:
;__Lib_Math.mpas,207 :: 		
;__Lib_Math.mpas,213 :: 		
0x0075	0x1283      	BCF        STATUS, 5
;__Lib_Math.mpas,214 :: 		
0x0076	0x1303      	BCF        STATUS, 6
;__Lib_Math.mpas,215 :: 		
0x0077	0x01D8      	CLRF       R8
;__Lib_Math.mpas,216 :: 		
0x0078	0x01D9      	CLRF       R9
;__Lib_Math.mpas,217 :: 		
0x0079	0x3010      	MOVLW      16
;__Lib_Math.mpas,218 :: 		
0x007A	0x00DC      	MOVWF      R12
;__Lib_Math.mpas,219 :: 		
0x007B	0x0D51      	RLF        R1, 0
;__Lib_Math.mpas,220 :: 		
0x007C	0x0DD8      	RLF        R8, 1
;__Lib_Math.mpas,221 :: 		
0x007D	0x0DD9      	RLF        R9, 1
;__Lib_Math.mpas,222 :: 		
0x007E	0x0854      	MOVF       R4, 0
;__Lib_Math.mpas,223 :: 		
0x007F	0x02D8      	SUBWF      R8, 1
;__Lib_Math.mpas,224 :: 		
0x0080	0x0855      	MOVF       R5, 0
;__Lib_Math.mpas,225 :: 		
0x0081	0x1C03      	BTFSS      STATUS, 0
;__Lib_Math.mpas,226 :: 		
0x0082	0x0F55      	INCFSZ     R5, 0
;__Lib_Math.mpas,227 :: 		
0x0083	0x02D9      	SUBWF      R9, 1
;__Lib_Math.mpas,228 :: 		
0x0084	0x1803      	BTFSC      STATUS, 0
;__Lib_Math.mpas,229 :: 		
0x0085	0x288D      	GOTO       $+8
;__Lib_Math.mpas,230 :: 		
0x0086	0x0854      	MOVF       R4, 0
;__Lib_Math.mpas,231 :: 		
0x0087	0x07D8      	ADDWF      R8, 1
;__Lib_Math.mpas,232 :: 		
0x0088	0x0855      	MOVF       R5, 0
;__Lib_Math.mpas,233 :: 		
0x0089	0x1803      	BTFSC      STATUS, 0
;__Lib_Math.mpas,234 :: 		
0x008A	0x0F55      	INCFSZ     R5, 0
;__Lib_Math.mpas,235 :: 		
0x008B	0x07D9      	ADDWF      R9, 1
;__Lib_Math.mpas,236 :: 		
0x008C	0x1003      	BCF        STATUS, 0
;__Lib_Math.mpas,237 :: 		
0x008D	0x0DD0      	RLF        R0, 1
;__Lib_Math.mpas,238 :: 		
0x008E	0x0DD1      	RLF        R1, 1
;__Lib_Math.mpas,239 :: 		
0x008F	0x0BDC      	DECFSZ     R12, 1
;__Lib_Math.mpas,240 :: 		
0x0090	0x287B      	GOTO       $-21
;__Lib_Math.mpas,242 :: 		
L_end_Div_16x16_U:
0x0091	0x0008      	RETURN
; end of _Div_16x16_U
_Div_32x32_U:
;__Lib_Math.mpas,1316 :: 		
;__Lib_Math.mpas,1327 :: 		
0x0092	0x1283      	BCF        STATUS, 5
;__Lib_Math.mpas,1328 :: 		
0x0093	0x1303      	BCF        STATUS, 6
;__Lib_Math.mpas,1329 :: 		
0x0094	0x01DB      	CLRF       R11
;__Lib_Math.mpas,1330 :: 		
0x0095	0x01DA      	CLRF       R10
;__Lib_Math.mpas,1331 :: 		
0x0096	0x01D9      	CLRF       R9
;__Lib_Math.mpas,1332 :: 		
0x0097	0x01D8      	CLRF       R8
;__Lib_Math.mpas,1334 :: 		
0x0098	0x01A0      	CLRF       ___math_tempb
;__Lib_Math.mpas,1336 :: 		
0x0099	0x0D53      	RLF        R3, 0
;__Lib_Math.mpas,1337 :: 		
0x009A	0x0DD8      	RLF        R8, 1
;__Lib_Math.mpas,1338 :: 		
0x009B	0x0854      	MOVF       R4, 0
;__Lib_Math.mpas,1339 :: 		
0x009C	0x02D8      	SUBWF      R8, 1
;__Lib_Math.mpas,1340 :: 		
0x009D	0x0855      	MOVF       R5, 0
;__Lib_Math.mpas,1341 :: 		
0x009E	0x1C03      	BTFSS      STATUS, 0
;__Lib_Math.mpas,1342 :: 		
0x009F	0x0F55      	INCFSZ     R5, 0
;__Lib_Math.mpas,1343 :: 		
0x00A0	0x02D9      	SUBWF      R9, 1
;__Lib_Math.mpas,1344 :: 		
0x00A1	0x0856      	MOVF       R6, 0
;__Lib_Math.mpas,1345 :: 		
0x00A2	0x1C03      	BTFSS      STATUS, 0
;__Lib_Math.mpas,1346 :: 		
0x00A3	0x0F56      	INCFSZ     R6, 0
;__Lib_Math.mpas,1347 :: 		
0x00A4	0x02DA      	SUBWF      R10, 1
;__Lib_Math.mpas,1348 :: 		
0x00A5	0x0857      	MOVF       R7, 0
;__Lib_Math.mpas,1349 :: 		
0x00A6	0x1C03      	BTFSS      STATUS, 0
;__Lib_Math.mpas,1350 :: 		
0x00A7	0x0F57      	INCFSZ     R7, 0
;__Lib_Math.mpas,1351 :: 		
0x00A8	0x02DB      	SUBWF      R11, 1
;__Lib_Math.mpas,1353 :: 		
0x00A9	0x0100      	CLRW
;__Lib_Math.mpas,1354 :: 		
0x00AA	0x1C03      	BTFSS      STATUS, 0
;__Lib_Math.mpas,1355 :: 		
0x00AB	0x3001      	MOVLW      1
;__Lib_Math.mpas,1356 :: 		
0x00AC	0x02A0      	SUBWF      ___math_tempb, 1
;__Lib_Math.mpas,1357 :: 		
0x00AD	0x0DD3      	RLF        R3, 1
;__Lib_Math.mpas,1359 :: 		
0x00AE	0x3007      	MOVLW      7
;__Lib_Math.mpas,1360 :: 		
0x00AF	0x00DC      	MOVWF      R12
;__Lib_Math.mpas,1362 :: 		
LOOPU3232A:
;__Lib_Math.mpas,1363 :: 		
0x00B0	0x0D53      	RLF        R3, 0
;__Lib_Math.mpas,1364 :: 		
0x00B1	0x0DD8      	RLF        R8, 1
;__Lib_Math.mpas,1365 :: 		
0x00B2	0x0DD9      	RLF        R9, 1
;__Lib_Math.mpas,1366 :: 		
0x00B3	0x0DDA      	RLF        R10, 1
;__Lib_Math.mpas,1367 :: 		
0x00B4	0x0DDB      	RLF        R11, 1
;__Lib_Math.mpas,1368 :: 		
0x00B5	0x0DA0      	RLF        ___math_tempb, 1
;__Lib_Math.mpas,1369 :: 		
0x00B6	0x0854      	MOVF       R4, 0
;__Lib_Math.mpas,1370 :: 		
0x00B7	0x1C53      	BTFSS      R3, 0
;__Lib_Math.mpas,1371 :: 		
0x00B8	0x28CB      	GOTO       UADD22LA
;__Lib_Math.mpas,1373 :: 		
0x00B9	0x02D8      	SUBWF      R8, 1
;__Lib_Math.mpas,1374 :: 		
0x00BA	0x0855      	MOVF       R5, 0
;__Lib_Math.mpas,1375 :: 		
0x00BB	0x1C03      	BTFSS      STATUS, 0
;__Lib_Math.mpas,1376 :: 		
0x00BC	0x0F55      	INCFSZ     R5, 0
;__Lib_Math.mpas,1377 :: 		
0x00BD	0x02D9      	SUBWF      R9, 1
;__Lib_Math.mpas,1378 :: 		
0x00BE	0x0856      	MOVF       R6, 0
;__Lib_Math.mpas,1379 :: 		
0x00BF	0x1C03      	BTFSS      STATUS, 0
;__Lib_Math.mpas,1380 :: 		
0x00C0	0x0F56      	INCFSZ     R6, 0
;__Lib_Math.mpas,1381 :: 		
0x00C1	0x02DA      	SUBWF      R10, 1
;__Lib_Math.mpas,1382 :: 		
0x00C2	0x0857      	MOVF       R7, 0
;__Lib_Math.mpas,1383 :: 		
0x00C3	0x1C03      	BTFSS      STATUS, 0
;__Lib_Math.mpas,1384 :: 		
0x00C4	0x0F57      	INCFSZ     R7, 0
;__Lib_Math.mpas,1385 :: 		
0x00C5	0x02DB      	SUBWF      R11, 1
;__Lib_Math.mpas,1386 :: 		
0x00C6	0x0100      	CLRW
;__Lib_Math.mpas,1387 :: 		
0x00C7	0x1C03      	BTFSS      STATUS, 0
;__Lib_Math.mpas,1388 :: 		
0x00C8	0x3001      	MOVLW      1
;__Lib_Math.mpas,1389 :: 		
0x00C9	0x02A0      	SUBWF      ___math_tempb, 1
;__Lib_Math.mpas,1390 :: 		
0x00CA	0x28DC      	GOTO       UOK22LA
;__Lib_Math.mpas,1392 :: 		
UADD22LA:
;__Lib_Math.mpas,1393 :: 		
0x00CB	0x07D8      	ADDWF      R8, 1
;__Lib_Math.mpas,1394 :: 		
0x00CC	0x0855      	MOVF       R5, 0
;__Lib_Math.mpas,1395 :: 		
0x00CD	0x1803      	BTFSC      STATUS, 0
;__Lib_Math.mpas,1396 :: 		
0x00CE	0x0F55      	INCFSZ     R5, 0
;__Lib_Math.mpas,1397 :: 		
0x00CF	0x07D9      	ADDWF      R9, 1
;__Lib_Math.mpas,1398 :: 		
0x00D0	0x0856      	MOVF       R6, 0
;__Lib_Math.mpas,1399 :: 		
0x00D1	0x1803      	BTFSC      STATUS, 0
;__Lib_Math.mpas,1400 :: 		
0x00D2	0x0F56      	INCFSZ     R6, 0
;__Lib_Math.mpas,1401 :: 		
0x00D3	0x07DA      	ADDWF      R10, 1
;__Lib_Math.mpas,1402 :: 		
0x00D4	0x0857      	MOVF       R7, 0
;__Lib_Math.mpas,1403 :: 		
0x00D5	0x1803      	BTFSC      STATUS, 0
;__Lib_Math.mpas,1404 :: 		
0x00D6	0x0F57      	INCFSZ     R7, 0
;__Lib_Math.mpas,1405 :: 		
0x00D7	0x07DB      	ADDWF      R11, 1
;__Lib_Math.mpas,1406 :: 		
0x00D8	0x0100      	CLRW
;__Lib_Math.mpas,1407 :: 		
0x00D9	0x1803      	BTFSC      STATUS, 0
;__Lib_Math.mpas,1408 :: 		
0x00DA	0x3001      	MOVLW      1
;__Lib_Math.mpas,1409 :: 		
0x00DB	0x07A0      	ADDWF      ___math_tempb, 1
;__Lib_Math.mpas,1411 :: 		
UOK22LA:
;__Lib_Math.mpas,1412 :: 		
0x00DC	0x0DD3      	RLF        R3, 1
;__Lib_Math.mpas,1414 :: 		
0x00DD	0x0BDC      	DECFSZ     R12, 1
;__Lib_Math.mpas,1415 :: 		
0x00DE	0x28B0      	GOTO       LOOPU3232A
;__Lib_Math.mpas,1417 :: 		
0x00DF	0x0D52      	RLF        R2, 0
;__Lib_Math.mpas,1418 :: 		
0x00E0	0x0DD8      	RLF        R8, 1
;__Lib_Math.mpas,1419 :: 		
0x00E1	0x0DD9      	RLF        R9, 1
;__Lib_Math.mpas,1420 :: 		
0x00E2	0x0DDA      	RLF        R10, 1
;__Lib_Math.mpas,1421 :: 		
0x00E3	0x0DDB      	RLF        R11, 1
;__Lib_Math.mpas,1422 :: 		
0x00E4	0x0DA0      	RLF        ___math_tempb, 1
;__Lib_Math.mpas,1423 :: 		
0x00E5	0x0854      	MOVF       R4, 0
;__Lib_Math.mpas,1424 :: 		
0x00E6	0x1C53      	BTFSS      R3, 0
;__Lib_Math.mpas,1425 :: 		
0x00E7	0x28FA      	GOTO       UADD22L8
;__Lib_Math.mpas,1427 :: 		
0x00E8	0x02D8      	SUBWF      R8, 1
;__Lib_Math.mpas,1428 :: 		
0x00E9	0x0855      	MOVF       R5, 0
;__Lib_Math.mpas,1429 :: 		
0x00EA	0x1C03      	BTFSS      STATUS, 0
;__Lib_Math.mpas,1430 :: 		
0x00EB	0x0F55      	INCFSZ     R5, 0
;__Lib_Math.mpas,1431 :: 		
0x00EC	0x02D9      	SUBWF      R9, 1
;__Lib_Math.mpas,1432 :: 		
0x00ED	0x0856      	MOVF       R6, 0
;__Lib_Math.mpas,1433 :: 		
0x00EE	0x1C03      	BTFSS      STATUS, 0
;__Lib_Math.mpas,1434 :: 		
0x00EF	0x0F56      	INCFSZ     R6, 0
;__Lib_Math.mpas,1435 :: 		
0x00F0	0x02DA      	SUBWF      R10, 1
;__Lib_Math.mpas,1436 :: 		
0x00F1	0x0857      	MOVF       R7, 0
;__Lib_Math.mpas,1437 :: 		
0x00F2	0x1C03      	BTFSS      STATUS, 0
;__Lib_Math.mpas,1438 :: 		
0x00F3	0x0F57      	INCFSZ     R7, 0
;__Lib_Math.mpas,1439 :: 		
0x00F4	0x02DB      	SUBWF      R11, 1
;__Lib_Math.mpas,1440 :: 		
0x00F5	0x0100      	CLRW
;__Lib_Math.mpas,1441 :: 		
0x00F6	0x1C03      	BTFSS      STATUS, 0
;__Lib_Math.mpas,1442 :: 		
0x00F7	0x3001      	MOVLW      1
;__Lib_Math.mpas,1443 :: 		
0x00F8	0x02A0      	SUBWF      ___math_tempb, 1
;__Lib_Math.mpas,1444 :: 		
0x00F9	0x290B      	GOTO       UOK22L8
;__Lib_Math.mpas,1446 :: 		
UADD22L8:
;__Lib_Math.mpas,1447 :: 		
0x00FA	0x07D8      	ADDWF      R8, 1
;__Lib_Math.mpas,1448 :: 		
0x00FB	0x0855      	MOVF       R5, 0
;__Lib_Math.mpas,1449 :: 		
0x00FC	0x1803      	BTFSC      STATUS, 0
;__Lib_Math.mpas,1450 :: 		
0x00FD	0x0F55      	INCFSZ     R5, 0
;__Lib_Math.mpas,1451 :: 		
0x00FE	0x07D9      	ADDWF      R9, 1
;__Lib_Math.mpas,1452 :: 		
0x00FF	0x0856      	MOVF       R6, 0
;__Lib_Math.mpas,1453 :: 		
0x0100	0x1803      	BTFSC      STATUS, 0
;__Lib_Math.mpas,1454 :: 		
0x0101	0x0F56      	INCFSZ     R6, 0
;__Lib_Math.mpas,1455 :: 		
0x0102	0x07DA      	ADDWF      R10, 1
;__Lib_Math.mpas,1456 :: 		
0x0103	0x0857      	MOVF       R7, 0
;__Lib_Math.mpas,1457 :: 		
0x0104	0x1803      	BTFSC      STATUS, 0
;__Lib_Math.mpas,1458 :: 		
0x0105	0x0F57      	INCFSZ     R7, 0
;__Lib_Math.mpas,1459 :: 		
0x0106	0x07DB      	ADDWF      R11, 1
;__Lib_Math.mpas,1460 :: 		
0x0107	0x0100      	CLRW
;__Lib_Math.mpas,1461 :: 		
0x0108	0x1803      	BTFSC      STATUS, 0
;__Lib_Math.mpas,1462 :: 		
0x0109	0x3001      	MOVLW      1
;__Lib_Math.mpas,1463 :: 		
0x010A	0x07A0      	ADDWF      ___math_tempb, 1
;__Lib_Math.mpas,1465 :: 		
UOK22L8:
;__Lib_Math.mpas,1466 :: 		
0x010B	0x0DD2      	RLF        R2, 1
;__Lib_Math.mpas,1468 :: 		
0x010C	0x3007      	MOVLW      7
;__Lib_Math.mpas,1469 :: 		
0x010D	0x00DC      	MOVWF      R12
;__Lib_Math.mpas,1471 :: 		
LOOPU3232B:
;__Lib_Math.mpas,1472 :: 		
0x010E	0x0D52      	RLF        R2, 0
;__Lib_Math.mpas,1473 :: 		
0x010F	0x0DD8      	RLF        R8, 1
;__Lib_Math.mpas,1474 :: 		
0x0110	0x0DD9      	RLF        R9, 1
;__Lib_Math.mpas,1475 :: 		
0x0111	0x0DDA      	RLF        R10, 1
;__Lib_Math.mpas,1476 :: 		
0x0112	0x0DDB      	RLF        R11, 1
;__Lib_Math.mpas,1477 :: 		
0x0113	0x0DA0      	RLF        ___math_tempb, 1
;__Lib_Math.mpas,1478 :: 		
0x0114	0x0854      	MOVF       R4, 0
;__Lib_Math.mpas,1479 :: 		
0x0115	0x1C52      	BTFSS      R2, 0
;__Lib_Math.mpas,1480 :: 		
0x0116	0x2929      	GOTO       UADD22LB
;__Lib_Math.mpas,1482 :: 		
0x0117	0x02D8      	SUBWF      R8, 1
;__Lib_Math.mpas,1483 :: 		
0x0118	0x0855      	MOVF       R5, 0
;__Lib_Math.mpas,1484 :: 		
0x0119	0x1C03      	BTFSS      STATUS, 0
;__Lib_Math.mpas,1485 :: 		
0x011A	0x0F55      	INCFSZ     R5, 0
;__Lib_Math.mpas,1486 :: 		
0x011B	0x02D9      	SUBWF      R9, 1
;__Lib_Math.mpas,1487 :: 		
0x011C	0x0856      	MOVF       R6, 0
;__Lib_Math.mpas,1488 :: 		
0x011D	0x1C03      	BTFSS      STATUS, 0
;__Lib_Math.mpas,1489 :: 		
0x011E	0x0F56      	INCFSZ     R6, 0
;__Lib_Math.mpas,1490 :: 		
0x011F	0x02DA      	SUBWF      R10, 1
;__Lib_Math.mpas,1491 :: 		
0x0120	0x0857      	MOVF       R7, 0
;__Lib_Math.mpas,1492 :: 		
0x0121	0x1C03      	BTFSS      STATUS, 0
;__Lib_Math.mpas,1493 :: 		
0x0122	0x0F57      	INCFSZ     R7, 0
;__Lib_Math.mpas,1494 :: 		
0x0123	0x02DB      	SUBWF      R11, 1
;__Lib_Math.mpas,1495 :: 		
0x0124	0x0100      	CLRW
;__Lib_Math.mpas,1496 :: 		
0x0125	0x1C03      	BTFSS      STATUS, 0
;__Lib_Math.mpas,1497 :: 		
0x0126	0x3001      	MOVLW      1
;__Lib_Math.mpas,1498 :: 		
0x0127	0x02A0      	SUBWF      ___math_tempb, 1
;__Lib_Math.mpas,1499 :: 		
0x0128	0x293A      	GOTO       UOK22LB
;__Lib_Math.mpas,1501 :: 		
UADD22LB:
;__Lib_Math.mpas,1502 :: 		
0x0129	0x07D8      	ADDWF      R8, 1
;__Lib_Math.mpas,1503 :: 		
0x012A	0x0855      	MOVF       R5, 0
;__Lib_Math.mpas,1504 :: 		
0x012B	0x1803      	BTFSC      STATUS, 0
;__Lib_Math.mpas,1505 :: 		
0x012C	0x0F55      	INCFSZ     R5, 0
;__Lib_Math.mpas,1506 :: 		
0x012D	0x07D9      	ADDWF      R9, 1
;__Lib_Math.mpas,1507 :: 		
0x012E	0x0856      	MOVF       R6, 0
;__Lib_Math.mpas,1508 :: 		
0x012F	0x1803      	BTFSC      STATUS, 0
;__Lib_Math.mpas,1509 :: 		
0x0130	0x0F56      	INCFSZ     R6, 0
;__Lib_Math.mpas,1510 :: 		
0x0131	0x07DA      	ADDWF      R10, 1
;__Lib_Math.mpas,1511 :: 		
0x0132	0x0857      	MOVF       R7, 0
;__Lib_Math.mpas,1512 :: 		
0x0133	0x1803      	BTFSC      STATUS, 0
;__Lib_Math.mpas,1513 :: 		
0x0134	0x0F57      	INCFSZ     R7, 0
;__Lib_Math.mpas,1514 :: 		
0x0135	0x07DB      	ADDWF      R11, 1
;__Lib_Math.mpas,1515 :: 		
0x0136	0x0100      	CLRW
;__Lib_Math.mpas,1516 :: 		
0x0137	0x1803      	BTFSC      STATUS, 0
;__Lib_Math.mpas,1517 :: 		
0x0138	0x3001      	MOVLW      1
;__Lib_Math.mpas,1518 :: 		
0x0139	0x07A0      	ADDWF      ___math_tempb, 1
;__Lib_Math.mpas,1520 :: 		
UOK22LB:
;__Lib_Math.mpas,1521 :: 		
0x013A	0x0DD2      	RLF        R2, 1
;__Lib_Math.mpas,1523 :: 		
0x013B	0x0BDC      	DECFSZ     R12, 1
;__Lib_Math.mpas,1524 :: 		
0x013C	0x290E      	GOTO       LOOPU3232B
;__Lib_Math.mpas,1526 :: 		
0x013D	0x0D51      	RLF        R1, 0
;__Lib_Math.mpas,1527 :: 		
0x013E	0x0DD8      	RLF        R8, 1
;__Lib_Math.mpas,1528 :: 		
0x013F	0x0DD9      	RLF        R9, 1
;__Lib_Math.mpas,1529 :: 		
0x0140	0x0DDA      	RLF        R10, 1
;__Lib_Math.mpas,1530 :: 		
0x0141	0x0DDB      	RLF        R11, 1
;__Lib_Math.mpas,1531 :: 		
0x0142	0x0DA0      	RLF        ___math_tempb, 1
;__Lib_Math.mpas,1532 :: 		
0x0143	0x0854      	MOVF       R4, 0
;__Lib_Math.mpas,1533 :: 		
0x0144	0x1C52      	BTFSS      R2, 0
;__Lib_Math.mpas,1534 :: 		
0x0145	0x2958      	GOTO       UADD22L16
;__Lib_Math.mpas,1536 :: 		
0x0146	0x02D8      	SUBWF      R8, 1
;__Lib_Math.mpas,1537 :: 		
0x0147	0x0855      	MOVF       R5, 0
;__Lib_Math.mpas,1538 :: 		
0x0148	0x1C03      	BTFSS      STATUS, 0
;__Lib_Math.mpas,1539 :: 		
0x0149	0x0F55      	INCFSZ     R5, 0
;__Lib_Math.mpas,1540 :: 		
0x014A	0x02D9      	SUBWF      R9, 1
;__Lib_Math.mpas,1541 :: 		
0x014B	0x0856      	MOVF       R6, 0
;__Lib_Math.mpas,1542 :: 		
0x014C	0x1C03      	BTFSS      STATUS, 0
;__Lib_Math.mpas,1543 :: 		
0x014D	0x0F56      	INCFSZ     R6, 0
;__Lib_Math.mpas,1544 :: 		
0x014E	0x02DA      	SUBWF      R10, 1
;__Lib_Math.mpas,1545 :: 		
0x014F	0x0857      	MOVF       R7, 0
;__Lib_Math.mpas,1546 :: 		
0x0150	0x1C03      	BTFSS      STATUS, 0
;__Lib_Math.mpas,1547 :: 		
0x0151	0x0F57      	INCFSZ     R7, 0
;__Lib_Math.mpas,1548 :: 		
0x0152	0x02DB      	SUBWF      R11, 1
;__Lib_Math.mpas,1549 :: 		
0x0153	0x0100      	CLRW
;__Lib_Math.mpas,1550 :: 		
0x0154	0x1C03      	BTFSS      STATUS, 0
;__Lib_Math.mpas,1551 :: 		
0x0155	0x3001      	MOVLW      1
;__Lib_Math.mpas,1552 :: 		
0x0156	0x02A0      	SUBWF      ___math_tempb, 1
;__Lib_Math.mpas,1553 :: 		
0x0157	0x2969      	GOTO       UOK22L16
;__Lib_Math.mpas,1555 :: 		
UADD22L16:
;__Lib_Math.mpas,1556 :: 		
0x0158	0x07D8      	ADDWF      R8, 1
;__Lib_Math.mpas,1557 :: 		
0x0159	0x0855      	MOVF       R5, 0
;__Lib_Math.mpas,1558 :: 		
0x015A	0x1803      	BTFSC      STATUS, 0
;__Lib_Math.mpas,1559 :: 		
0x015B	0x0F55      	INCFSZ     R5, 0
;__Lib_Math.mpas,1560 :: 		
0x015C	0x07D9      	ADDWF      R9, 1
;__Lib_Math.mpas,1561 :: 		
0x015D	0x0856      	MOVF       R6, 0
;__Lib_Math.mpas,1562 :: 		
0x015E	0x1803      	BTFSC      STATUS, 0
;__Lib_Math.mpas,1563 :: 		
0x015F	0x0F56      	INCFSZ     R6, 0
;__Lib_Math.mpas,1564 :: 		
0x0160	0x07DA      	ADDWF      R10, 1
;__Lib_Math.mpas,1565 :: 		
0x0161	0x0857      	MOVF       R7, 0
;__Lib_Math.mpas,1566 :: 		
0x0162	0x1803      	BTFSC      STATUS, 0
;__Lib_Math.mpas,1567 :: 		
0x0163	0x0F57      	INCFSZ     R7, 0
;__Lib_Math.mpas,1568 :: 		
0x0164	0x07DB      	ADDWF      R11, 1
;__Lib_Math.mpas,1569 :: 		
0x0165	0x0100      	CLRW
;__Lib_Math.mpas,1570 :: 		
0x0166	0x1803      	BTFSC      STATUS, 0
;__Lib_Math.mpas,1571 :: 		
0x0167	0x3001      	MOVLW      1
;__Lib_Math.mpas,1572 :: 		
0x0168	0x07A0      	ADDWF      ___math_tempb, 1
;__Lib_Math.mpas,1574 :: 		
UOK22L16:
;__Lib_Math.mpas,1575 :: 		
0x0169	0x0DD1      	RLF        R1, 1
;__Lib_Math.mpas,1577 :: 		
0x016A	0x3007      	MOVLW      7
;__Lib_Math.mpas,1578 :: 		
0x016B	0x00DC      	MOVWF      R12
;__Lib_Math.mpas,1580 :: 		
LOOPU3232C:
;__Lib_Math.mpas,1581 :: 		
0x016C	0x0D51      	RLF        R1, 0
;__Lib_Math.mpas,1582 :: 		
0x016D	0x0DD8      	RLF        R8, 1
;__Lib_Math.mpas,1583 :: 		
0x016E	0x0DD9      	RLF        R9, 1
;__Lib_Math.mpas,1584 :: 		
0x016F	0x0DDA      	RLF        R10, 1
;__Lib_Math.mpas,1585 :: 		
0x0170	0x0DDB      	RLF        R11, 1
;__Lib_Math.mpas,1586 :: 		
0x0171	0x0DA0      	RLF        ___math_tempb, 1
;__Lib_Math.mpas,1587 :: 		
0x0172	0x0854      	MOVF       R4, 0
;__Lib_Math.mpas,1588 :: 		
0x0173	0x1C51      	BTFSS      R1, 0
;__Lib_Math.mpas,1589 :: 		
0x0174	0x2987      	GOTO       UADD22LC
;__Lib_Math.mpas,1591 :: 		
0x0175	0x02D8      	SUBWF      R8, 1
;__Lib_Math.mpas,1592 :: 		
0x0176	0x0855      	MOVF       R5, 0
;__Lib_Math.mpas,1593 :: 		
0x0177	0x1C03      	BTFSS      STATUS, 0
;__Lib_Math.mpas,1594 :: 		
0x0178	0x0F55      	INCFSZ     R5, 0
;__Lib_Math.mpas,1595 :: 		
0x0179	0x02D9      	SUBWF      R9, 1
;__Lib_Math.mpas,1596 :: 		
0x017A	0x0856      	MOVF       R6, 0
;__Lib_Math.mpas,1597 :: 		
0x017B	0x1C03      	BTFSS      STATUS, 0
;__Lib_Math.mpas,1598 :: 		
0x017C	0x0F56      	INCFSZ     R6, 0
;__Lib_Math.mpas,1599 :: 		
0x017D	0x02DA      	SUBWF      R10, 1
;__Lib_Math.mpas,1600 :: 		
0x017E	0x0857      	MOVF       R7, 0
;__Lib_Math.mpas,1601 :: 		
0x017F	0x1C03      	BTFSS      STATUS, 0
;__Lib_Math.mpas,1602 :: 		
0x0180	0x0F57      	INCFSZ     R7, 0
;__Lib_Math.mpas,1603 :: 		
0x0181	0x02DB      	SUBWF      R11, 1
;__Lib_Math.mpas,1604 :: 		
0x0182	0x0100      	CLRW
;__Lib_Math.mpas,1605 :: 		
0x0183	0x1C03      	BTFSS      STATUS, 0
;__Lib_Math.mpas,1606 :: 		
0x0184	0x3001      	MOVLW      1
;__Lib_Math.mpas,1607 :: 		
0x0185	0x02A0      	SUBWF      ___math_tempb, 1
;__Lib_Math.mpas,1608 :: 		
0x0186	0x2998      	GOTO       UOK22LC
;__Lib_Math.mpas,1610 :: 		
UADD22LC:
;__Lib_Math.mpas,1611 :: 		
0x0187	0x07D8      	ADDWF      R8, 1
;__Lib_Math.mpas,1612 :: 		
0x0188	0x0855      	MOVF       R5, 0
;__Lib_Math.mpas,1613 :: 		
0x0189	0x1803      	BTFSC      STATUS, 0
;__Lib_Math.mpas,1614 :: 		
0x018A	0x0F55      	INCFSZ     R5, 0
;__Lib_Math.mpas,1615 :: 		
0x018B	0x07D9      	ADDWF      R9, 1
;__Lib_Math.mpas,1616 :: 		
0x018C	0x0856      	MOVF       R6, 0
;__Lib_Math.mpas,1617 :: 		
0x018D	0x1803      	BTFSC      STATUS, 0
;__Lib_Math.mpas,1618 :: 		
0x018E	0x0F56      	INCFSZ     R6, 0
;__Lib_Math.mpas,1619 :: 		
0x018F	0x07DA      	ADDWF      R10, 1
;__Lib_Math.mpas,1620 :: 		
0x0190	0x0857      	MOVF       R7, 0
;__Lib_Math.mpas,1621 :: 		
0x0191	0x1803      	BTFSC      STATUS, 0
;__Lib_Math.mpas,1622 :: 		
0x0192	0x0F57      	INCFSZ     R7, 0
;__Lib_Math.mpas,1623 :: 		
0x0193	0x07DB      	ADDWF      R11, 1
;__Lib_Math.mpas,1624 :: 		
0x0194	0x0100      	CLRW
;__Lib_Math.mpas,1625 :: 		
0x0195	0x1803      	BTFSC      STATUS, 0
;__Lib_Math.mpas,1626 :: 		
0x0196	0x3001      	MOVLW      1
;__Lib_Math.mpas,1627 :: 		
0x0197	0x07A0      	ADDWF      ___math_tempb, 1
;__Lib_Math.mpas,1629 :: 		
UOK22LC:
;__Lib_Math.mpas,1630 :: 		
0x0198	0x0DD1      	RLF        R1, 1
;__Lib_Math.mpas,1632 :: 		
0x0199	0x0BDC      	DECFSZ     R12, 1
;__Lib_Math.mpas,1633 :: 		
0x019A	0x296C      	GOTO       LOOPU3232C
;__Lib_Math.mpas,1635 :: 		
0x019B	0x0D50      	RLF        R0, 0
;__Lib_Math.mpas,1636 :: 		
0x019C	0x0DD8      	RLF        R8, 1
;__Lib_Math.mpas,1637 :: 		
0x019D	0x0DD9      	RLF        R9, 1
;__Lib_Math.mpas,1638 :: 		
0x019E	0x0DDA      	RLF        R10, 1
;__Lib_Math.mpas,1639 :: 		
0x019F	0x0DDB      	RLF        R11, 1
;__Lib_Math.mpas,1640 :: 		
0x01A0	0x0DA0      	RLF        ___math_tempb, 1
;__Lib_Math.mpas,1641 :: 		
0x01A1	0x0854      	MOVF       R4, 0
;__Lib_Math.mpas,1642 :: 		
0x01A2	0x1C51      	BTFSS      R1, 0
;__Lib_Math.mpas,1643 :: 		
0x01A3	0x29B6      	GOTO       UADD22L24
;__Lib_Math.mpas,1645 :: 		
0x01A4	0x02D8      	SUBWF      R8, 1
;__Lib_Math.mpas,1646 :: 		
0x01A5	0x0855      	MOVF       R5, 0
;__Lib_Math.mpas,1647 :: 		
0x01A6	0x1C03      	BTFSS      STATUS, 0
;__Lib_Math.mpas,1648 :: 		
0x01A7	0x0F55      	INCFSZ     R5, 0
;__Lib_Math.mpas,1649 :: 		
0x01A8	0x02D9      	SUBWF      R9, 1
;__Lib_Math.mpas,1650 :: 		
0x01A9	0x0856      	MOVF       R6, 0
;__Lib_Math.mpas,1651 :: 		
0x01AA	0x1C03      	BTFSS      STATUS, 0
;__Lib_Math.mpas,1652 :: 		
0x01AB	0x0F56      	INCFSZ     R6, 0
;__Lib_Math.mpas,1653 :: 		
0x01AC	0x02DA      	SUBWF      R10, 1
;__Lib_Math.mpas,1654 :: 		
0x01AD	0x0857      	MOVF       R7, 0
;__Lib_Math.mpas,1655 :: 		
0x01AE	0x1C03      	BTFSS      STATUS, 0
;__Lib_Math.mpas,1656 :: 		
0x01AF	0x0F57      	INCFSZ     R7, 0
;__Lib_Math.mpas,1657 :: 		
0x01B0	0x02DB      	SUBWF      R11, 1
;__Lib_Math.mpas,1658 :: 		
0x01B1	0x0100      	CLRW
;__Lib_Math.mpas,1659 :: 		
0x01B2	0x1C03      	BTFSS      STATUS, 0
;__Lib_Math.mpas,1660 :: 		
0x01B3	0x3001      	MOVLW      1
;__Lib_Math.mpas,1661 :: 		
0x01B4	0x02A0      	SUBWF      ___math_tempb, 1
;__Lib_Math.mpas,1662 :: 		
0x01B5	0x29C7      	GOTO       UOK22L24
;__Lib_Math.mpas,1664 :: 		
UADD22L24:
;__Lib_Math.mpas,1665 :: 		
0x01B6	0x07D8      	ADDWF      R8, 1
;__Lib_Math.mpas,1666 :: 		
0x01B7	0x0855      	MOVF       R5, 0
;__Lib_Math.mpas,1667 :: 		
0x01B8	0x1803      	BTFSC      STATUS, 0
;__Lib_Math.mpas,1668 :: 		
0x01B9	0x0F55      	INCFSZ     R5, 0
;__Lib_Math.mpas,1669 :: 		
0x01BA	0x07D9      	ADDWF      R9, 1
;__Lib_Math.mpas,1670 :: 		
0x01BB	0x0856      	MOVF       R6, 0
;__Lib_Math.mpas,1671 :: 		
0x01BC	0x1803      	BTFSC      STATUS, 0
;__Lib_Math.mpas,1672 :: 		
0x01BD	0x0F56      	INCFSZ     R6, 0
;__Lib_Math.mpas,1673 :: 		
0x01BE	0x07DA      	ADDWF      R10, 1
;__Lib_Math.mpas,1674 :: 		
0x01BF	0x0857      	MOVF       R7, 0
;__Lib_Math.mpas,1675 :: 		
0x01C0	0x1803      	BTFSC      STATUS, 0
;__Lib_Math.mpas,1676 :: 		
0x01C1	0x0F57      	INCFSZ     R7, 0
;__Lib_Math.mpas,1677 :: 		
0x01C2	0x07DB      	ADDWF      R11, 1
;__Lib_Math.mpas,1678 :: 		
0x01C3	0x0100      	CLRW
;__Lib_Math.mpas,1679 :: 		
0x01C4	0x1803      	BTFSC      STATUS, 0
;__Lib_Math.mpas,1680 :: 		
0x01C5	0x3001      	MOVLW      1
;__Lib_Math.mpas,1681 :: 		
0x01C6	0x07A0      	ADDWF      ___math_tempb, 1
;__Lib_Math.mpas,1683 :: 		
UOK22L24:
;__Lib_Math.mpas,1684 :: 		
0x01C7	0x0DD0      	RLF        R0, 1
;__Lib_Math.mpas,1686 :: 		
0x01C8	0x3007      	MOVLW      7
;__Lib_Math.mpas,1687 :: 		
0x01C9	0x00DC      	MOVWF      R12
;__Lib_Math.mpas,1689 :: 		
LOOPU3232D:
;__Lib_Math.mpas,1690 :: 		
0x01CA	0x0D50      	RLF        R0, 0
;__Lib_Math.mpas,1691 :: 		
0x01CB	0x0DD8      	RLF        R8, 1
;__Lib_Math.mpas,1692 :: 		
0x01CC	0x0DD9      	RLF        R9, 1
;__Lib_Math.mpas,1693 :: 		
0x01CD	0x0DDA      	RLF        R10, 1
;__Lib_Math.mpas,1694 :: 		
0x01CE	0x0DDB      	RLF        R11, 1
;__Lib_Math.mpas,1695 :: 		
0x01CF	0x0DA0      	RLF        ___math_tempb, 1
;__Lib_Math.mpas,1696 :: 		
0x01D0	0x0854      	MOVF       R4, 0
;__Lib_Math.mpas,1697 :: 		
0x01D1	0x1C50      	BTFSS      R0, 0
;__Lib_Math.mpas,1698 :: 		
0x01D2	0x29E5      	GOTO       UADD22LD
;__Lib_Math.mpas,1700 :: 		
0x01D3	0x02D8      	SUBWF      R8, 1
;__Lib_Math.mpas,1701 :: 		
0x01D4	0x0855      	MOVF       R5, 0
;__Lib_Math.mpas,1702 :: 		
0x01D5	0x1C03      	BTFSS      STATUS, 0
;__Lib_Math.mpas,1703 :: 		
0x01D6	0x0F55      	INCFSZ     R5, 0
;__Lib_Math.mpas,1704 :: 		
0x01D7	0x02D9      	SUBWF      R9, 1
;__Lib_Math.mpas,1705 :: 		
0x01D8	0x0856      	MOVF       R6, 0
;__Lib_Math.mpas,1706 :: 		
0x01D9	0x1C03      	BTFSS      STATUS, 0
;__Lib_Math.mpas,1707 :: 		
0x01DA	0x0F56      	INCFSZ     R6, 0
;__Lib_Math.mpas,1708 :: 		
0x01DB	0x02DA      	SUBWF      R10, 1
;__Lib_Math.mpas,1709 :: 		
0x01DC	0x0857      	MOVF       R7, 0
;__Lib_Math.mpas,1710 :: 		
0x01DD	0x1C03      	BTFSS      STATUS, 0
;__Lib_Math.mpas,1711 :: 		
0x01DE	0x0F57      	INCFSZ     R7, 0
;__Lib_Math.mpas,1712 :: 		
0x01DF	0x02DB      	SUBWF      R11, 1
;__Lib_Math.mpas,1713 :: 		
0x01E0	0x0100      	CLRW
;__Lib_Math.mpas,1714 :: 		
0x01E1	0x1C03      	BTFSS      STATUS, 0
;__Lib_Math.mpas,1715 :: 		
0x01E2	0x3001      	MOVLW      1
;__Lib_Math.mpas,1716 :: 		
0x01E3	0x02A0      	SUBWF      ___math_tempb, 1
;__Lib_Math.mpas,1717 :: 		
0x01E4	0x29F6      	GOTO       UOK22LD
;__Lib_Math.mpas,1719 :: 		
UADD22LD:
;__Lib_Math.mpas,1720 :: 		
0x01E5	0x07D8      	ADDWF      R8, 1
;__Lib_Math.mpas,1721 :: 		
0x01E6	0x0855      	MOVF       R5, 0
;__Lib_Math.mpas,1722 :: 		
0x01E7	0x1803      	BTFSC      STATUS, 0
;__Lib_Math.mpas,1723 :: 		
0x01E8	0x0F55      	INCFSZ     R5, 0
;__Lib_Math.mpas,1724 :: 		
0x01E9	0x07D9      	ADDWF      R9, 1
;__Lib_Math.mpas,1725 :: 		
0x01EA	0x0856      	MOVF       R6, 0
;__Lib_Math.mpas,1726 :: 		
0x01EB	0x1803      	BTFSC      STATUS, 0
;__Lib_Math.mpas,1727 :: 		
0x01EC	0x0F56      	INCFSZ     R6, 0
;__Lib_Math.mpas,1728 :: 		
0x01ED	0x07DA      	ADDWF      R10, 1
;__Lib_Math.mpas,1729 :: 		
0x01EE	0x0857      	MOVF       R7, 0
;__Lib_Math.mpas,1730 :: 		
0x01EF	0x1803      	BTFSC      STATUS, 0
;__Lib_Math.mpas,1731 :: 		
0x01F0	0x0F57      	INCFSZ     R7, 0
;__Lib_Math.mpas,1732 :: 		
0x01F1	0x07DB      	ADDWF      R11, 1
;__Lib_Math.mpas,1733 :: 		
0x01F2	0x0100      	CLRW
;__Lib_Math.mpas,1734 :: 		
0x01F3	0x1803      	BTFSC      STATUS, 0
;__Lib_Math.mpas,1735 :: 		
0x01F4	0x3001      	MOVLW      1
;__Lib_Math.mpas,1736 :: 		
0x01F5	0x07A0      	ADDWF      ___math_tempb, 1
;__Lib_Math.mpas,1738 :: 		
UOK22LD:
;__Lib_Math.mpas,1739 :: 		
0x01F6	0x0DD0      	RLF        R0, 1
;__Lib_Math.mpas,1741 :: 		
0x01F7	0x0BDC      	DECFSZ     R12, 1
;__Lib_Math.mpas,1742 :: 		
0x01F8	0x29CA      	GOTO       LOOPU3232D
;__Lib_Math.mpas,1744 :: 		
0x01F9	0x1850      	BTFSC      R0, 0
;__Lib_Math.mpas,1745 :: 		
0x01FA	0x2A09      	GOTO       UOK22L
;__Lib_Math.mpas,1746 :: 		
0x01FB	0x0854      	MOVF       R4, 0
;__Lib_Math.mpas,1747 :: 		
0x01FC	0x07D8      	ADDWF      R8, 1
;__Lib_Math.mpas,1748 :: 		
0x01FD	0x0855      	MOVF       R5, 0
;__Lib_Math.mpas,1749 :: 		
0x01FE	0x1803      	BTFSC      STATUS, 0
;__Lib_Math.mpas,1750 :: 		
0x01FF	0x0F55      	INCFSZ     R5, 0
;__Lib_Math.mpas,1751 :: 		
0x0200	0x07D9      	ADDWF      R9, 1
;__Lib_Math.mpas,1752 :: 		
0x0201	0x0856      	MOVF       R6, 0
;__Lib_Math.mpas,1753 :: 		
0x0202	0x1803      	BTFSC      STATUS, 0
;__Lib_Math.mpas,1754 :: 		
0x0203	0x0F56      	INCFSZ     R6, 0
;__Lib_Math.mpas,1755 :: 		
0x0204	0x07DA      	ADDWF      R10, 1
;__Lib_Math.mpas,1756 :: 		
0x0205	0x0857      	MOVF       R7, 0
;__Lib_Math.mpas,1757 :: 		
0x0206	0x1803      	BTFSC      STATUS, 0
;__Lib_Math.mpas,1758 :: 		
0x0207	0x0F57      	INCFSZ     R7, 0
;__Lib_Math.mpas,1759 :: 		
0x0208	0x07DB      	ADDWF      R11, 1
;__Lib_Math.mpas,1761 :: 		
UOK22L:
;__Lib_Math.mpas,1764 :: 		
L_end_Div_32x32_U:
0x0209	0x0008      	RETURN
; end of _Div_32x32_U
_ADC_Read:
;__Lib_ADC_A_E.mpas,60 :: 		
;__Lib_ADC_A_E.mpas,61 :: 		
0x020A	0x30C3      	MOVLW      195
0x020B	0x1283      	BCF        STATUS, 5
0x020C	0x059F      	ANDWF      ADCON0, 1
;__Lib_ADC_A_E.mpas,66 :: 		
0x020D	0x30F0      	MOVLW      240
0x020E	0x059F      	ANDWF      ADCON0, 1
;__Lib_ADC_A_E.mpas,67 :: 		
0x020F	0x30F0      	MOVLW      240
0x0210	0x1683      	BSF        STATUS, 5
0x0211	0x049F      	IORWF      ANSEL, 1
;__Lib_ADC_A_E.mpas,68 :: 		
0x0212	0x1283      	BCF        STATUS, 5
0x0213	0x179F      	BSF        ADCON0, 7
;__Lib_ADC_A_E.mpas,69 :: 		
0x0214	0x0834      	MOVF       FARG_ADC_Read_channel, 0
0x0215	0x00D0      	MOVWF      R0
0x0216	0x0DD0      	RLF        R0, 1
0x0217	0x1050      	BCF        R0, 0
0x0218	0x0DD0      	RLF        R0, 1
0x0219	0x1050      	BCF        R0, 0
0x021A	0x0850      	MOVF       R0, 0
0x021B	0x049F      	IORWF      ADCON0, 1
;__Lib_ADC_A_E.mpas,72 :: 		
0x021C	0x141F      	BSF        ADCON0, 0
;__Lib_ADC_A_E.mpas,75 :: 		
0x021D	0x202D      	CALL       _Delay_22us
;__Lib_ADC_A_E.mpas,78 :: 		
0x021E	0x149F      	BSF        ADCON0, 1
;__Lib_ADC_A_E.mpas,81 :: 		
L__ADC_Read9:
0x021F	0x1C9F      	BTFSS      ADCON0, 1
0x0220	0x2A23      	GOTO       L__ADC_Read10
0x0221	0x0000      	NOP
0x0222	0x2A1F      	GOTO       L__ADC_Read9
L__ADC_Read10:
;__Lib_ADC_A_E.mpas,84 :: 		
0x0223	0x101F      	BCF        ADCON0, 0
;__Lib_ADC_A_E.mpas,87 :: 		
0x0224	0x081E      	MOVF       ADRESH, 0
0x0225	0x00D1      	MOVWF      R0+1
0x0226	0x01D0      	CLRF       R0
0x0227	0x1683      	BSF        STATUS, 5
0x0228	0x081E      	MOVF       ADRESL, 0
0x0229	0x0450      	IORWF      R0, 0
0x022A	0x00B5      	MOVWF      ADC_Read_local_result
0x022B	0x0851      	MOVF       R0+1, 0
0x022C	0x00B6      	MOVWF      ADC_Read_local_result+1
0x022D	0x3000      	MOVLW      0
0x022E	0x04B6      	IORWF      ADC_Read_local_result+1, 1
;__Lib_ADC_A_E.mpas,89 :: 		
0x022F	0x0835      	MOVF       ADC_Read_local_result, 0
0x0230	0x00D0      	MOVWF      R0
0x0231	0x0836      	MOVF       ADC_Read_local_result+1, 0
0x0232	0x00D1      	MOVWF      R0+1
L_end_ADC_Read:
0x0233	0x0008      	RETURN
; end of _ADC_Read
_Mul_16x16_U:
;__Lib_Math.mpas,121 :: 		
;__Lib_Math.mpas,127 :: 		
0x0234	0x1283      	BCF        STATUS, 5
;__Lib_Math.mpas,128 :: 		
0x0235	0x1303      	BCF        STATUS, 6
;__Lib_Math.mpas,129 :: 		
0x0236	0x01DB      	CLRF       R11
;__Lib_Math.mpas,130 :: 		
0x0237	0x01DA      	CLRF       R10
;__Lib_Math.mpas,131 :: 		
0x0238	0x01D9      	CLRF       R9
;__Lib_Math.mpas,132 :: 		
0x0239	0x3080      	MOVLW      128
;__Lib_Math.mpas,133 :: 		
0x023A	0x00D8      	MOVWF      R8
;__Lib_Math.mpas,134 :: 		
0x023B	0x0CD1      	RRF        R1, 1
;__Lib_Math.mpas,135 :: 		
0x023C	0x0CD0      	RRF        R0, 1
;__Lib_Math.mpas,136 :: 		
0x023D	0x1C03      	BTFSS      STATUS, 0
;__Lib_Math.mpas,137 :: 		
0x023E	0x2A48      	GOTO       $+10
;__Lib_Math.mpas,138 :: 		
0x023F	0x0854      	MOVF       R4, 0
;__Lib_Math.mpas,139 :: 		
0x0240	0x07D9      	ADDWF      R9, 1
;__Lib_Math.mpas,140 :: 		
0x0241	0x0855      	MOVF       R5, 0
;__Lib_Math.mpas,141 :: 		
0x0242	0x1803      	BTFSC      STATUS, 0
;__Lib_Math.mpas,142 :: 		
0x0243	0x0F55      	INCFSZ     R5, 0
;__Lib_Math.mpas,143 :: 		
0x0244	0x07DA      	ADDWF      R10, 1
;__Lib_Math.mpas,144 :: 		
0x0245	0x1803      	BTFSC      STATUS, 0
;__Lib_Math.mpas,145 :: 		
0x0246	0x0ADB      	INCF       R11, 1
;__Lib_Math.mpas,146 :: 		
0x0247	0x1003      	BCF        STATUS, 0
;__Lib_Math.mpas,147 :: 		
0x0248	0x1FD0      	BTFSS      R0, 7
;__Lib_Math.mpas,148 :: 		
0x0249	0x2A50      	GOTO       $+7
;__Lib_Math.mpas,149 :: 		
0x024A	0x0854      	MOVF       R4, 0
;__Lib_Math.mpas,150 :: 		
0x024B	0x07DA      	ADDWF      R10, 1
;__Lib_Math.mpas,151 :: 		
0x024C	0x0855      	MOVF       R5, 0
;__Lib_Math.mpas,152 :: 		
0x024D	0x1803      	BTFSC      STATUS, 0
;__Lib_Math.mpas,153 :: 		
0x024E	0x0F55      	INCFSZ     R5, 0
;__Lib_Math.mpas,154 :: 		
0x024F	0x07DB      	ADDWF      R11, 1
;__Lib_Math.mpas,155 :: 		
0x0250	0x0CDB      	RRF        R11, 1
;__Lib_Math.mpas,156 :: 		
0x0251	0x0CDA      	RRF        R10, 1
;__Lib_Math.mpas,157 :: 		
0x0252	0x0CD9      	RRF        R9, 1
;__Lib_Math.mpas,158 :: 		
0x0253	0x0CD8      	RRF        R8, 1
;__Lib_Math.mpas,159 :: 		
0x0254	0x1C03      	BTFSS      STATUS, 0
;__Lib_Math.mpas,160 :: 		
0x0255	0x2A3B      	GOTO       $-26
;__Lib_Math.mpas,161 :: 		
0x0256	0x085B      	MOVF       R11, 0
;__Lib_Math.mpas,162 :: 		
0x0257	0x00D3      	MOVWF      R3
;__Lib_Math.mpas,163 :: 		
0x0258	0x085A      	MOVF       R10, 0
;__Lib_Math.mpas,164 :: 		
0x0259	0x00D2      	MOVWF      R2
;__Lib_Math.mpas,165 :: 		
0x025A	0x0859      	MOVF       R9, 0
;__Lib_Math.mpas,166 :: 		
0x025B	0x00D1      	MOVWF      R1
;__Lib_Math.mpas,167 :: 		
0x025C	0x0858      	MOVF       R8, 0
;__Lib_Math.mpas,168 :: 		
0x025D	0x00D0      	MOVWF      R0
;__Lib_Math.mpas,170 :: 		
L_end_Mul_16x16_U:
0x025E	0x0008      	RETURN
; end of _Mul_16x16_U
_tempidx:
;f675-fan-ctl.mpas,85 :: 		begin
;f675-fan-ctl.mpas,86 :: 		Result:=0;
0x025F	0x1283      	BCF        STATUS, 5
0x0260	0x01B6      	CLRF       tempidx_local_result
;f675-fan-ctl.mpas,87 :: 		if PWM_HIGH=0 then
0x0261	0x1A05      	BTFSC      GP4_bit, BitPos(GP4_bit+0)
0x0262	0x2A65      	GOTO       L__tempidx12
;f675-fan-ctl.mpas,88 :: 		idx:=0     // 20 celcius - ground GP4
0x0263	0x01B7      	CLRF       tempidx_idx
0x0264	0x2A67      	GOTO       L__tempidx13
;f675-fan-ctl.mpas,89 :: 		else
L__tempidx12:
;f675-fan-ctl.mpas,90 :: 		idx:=20; // 30 celcius - NC GP4
0x0265	0x3014      	MOVLW      20
0x0266	0x00B7      	MOVWF      tempidx_idx
L__tempidx13:
;f675-fan-ctl.mpas,91 :: 		while (idx<72) do begin
L__tempidx15:
0x0267	0x3048      	MOVLW      72
0x0268	0x0237      	SUBWF      tempidx_idx, 0
0x0269	0x1803      	BTFSC      STATUS, 0
0x026A	0x2A83      	GOTO       L__tempidx16
;f675-fan-ctl.mpas,92 :: 		Lo(tempr):=EEPROM_Read(idx);
0x026B	0x0837      	MOVF       tempidx_idx, 0
0x026C	0x00BA      	MOVWF      FARG_EEPROM_Read_address
0x026D	0x2033      	CALL       _EEPROM_Read
0x026E	0x0850      	MOVF       R0, 0
0x026F	0x00B8      	MOVWF      tempidx_tempr
;f675-fan-ctl.mpas,93 :: 		Hi(tempr):=EEPROM_Read(idx+1);
0x0270	0x0A37      	INCF       tempidx_idx, 0
0x0271	0x00BA      	MOVWF      FARG_EEPROM_Read_address
0x0272	0x2033      	CALL       _EEPROM_Read
0x0273	0x0850      	MOVF       R0, 0
0x0274	0x00B9      	MOVWF      tempidx_tempr+1
;f675-fan-ctl.mpas,94 :: 		if tempr>r then
0x0275	0x0839      	MOVF       tempidx_tempr+1, 0
0x0276	0x0235      	SUBWF      FARG_tempidx_r+1, 0
0x0277	0x1D03      	BTFSS      STATUS, 2
0x0278	0x2A7B      	GOTO       L__tempidx53
0x0279	0x0838      	MOVF       tempidx_tempr, 0
0x027A	0x0234      	SUBWF      FARG_tempidx_r, 0
L__tempidx53:
0x027B	0x1803      	BTFSC      STATUS, 0
0x027C	0x2A80      	GOTO       L__tempidx20
;f675-fan-ctl.mpas,95 :: 		idx:=idx+2
0x027D	0x3002      	MOVLW      2
0x027E	0x07B7      	ADDWF      tempidx_idx, 1
0x027F	0x2A81      	GOTO       L__tempidx21
;f675-fan-ctl.mpas,96 :: 		else begin
L__tempidx20:
;f675-fan-ctl.mpas,97 :: 		break;
0x0280	0x2A83      	GOTO       L__tempidx16
;f675-fan-ctl.mpas,98 :: 		end;
L__tempidx21:
;f675-fan-ctl.mpas,99 :: 		Inc(Result);
0x0281	0x0AB6      	INCF       tempidx_local_result, 1
;f675-fan-ctl.mpas,100 :: 		end;
0x0282	0x2A67      	GOTO       L__tempidx15
L__tempidx16:
;f675-fan-ctl.mpas,101 :: 		end;
0x0283	0x0836      	MOVF       tempidx_local_result, 0
0x0284	0x00D0      	MOVWF      R0
L_end_tempidx:
0x0285	0x0008      	RETURN
; end of _tempidx
_Delay_500us:
;__Lib_Delays.mpas,54 :: 		begin
;__Lib_Delays.mpas,55 :: 		Delay_us(498);
0x0286	0x30A5      	MOVLW      165
0x0287	0x1283      	BCF        STATUS, 5
0x0288	0x00DD      	MOVWF      R13
L__Delay_500us11:
0x0289	0x0BDD      	DECFSZ     R13, 1
0x028A	0x2A89      	GOTO       L__Delay_500us11
0x028B	0x0000      	NOP
0x028C	0x0000      	NOP
;__Lib_Delays.mpas,56 :: 		end;
L_end_Delay_500us:
0x028D	0x0008      	RETURN
; end of _Delay_500us
_main:
;f675-fan-ctl.mpas,104 :: 		begin
;f675-fan-ctl.mpas,105 :: 		GPIO:=0;
0x028E	0x1283      	BCF        STATUS, 5
0x028F	0x0185      	CLRF       GPIO
;f675-fan-ctl.mpas,106 :: 		NOT_GPPU_bit:=0;
0x0290	0x1683      	BSF        STATUS, 5
0x0291	0x1381      	BCF        NOT_GPPU_bit, BitPos(NOT_GPPU_bit+0)
;f675-fan-ctl.mpas,107 :: 		WPU4_bit:=1;      // weak pullup for GP4
0x0292	0x1615      	BSF        WPU4_bit, BitPos(WPU4_bit+0)
;f675-fan-ctl.mpas,108 :: 		WPU5_bit:=1;
0x0293	0x1695      	BSF        WPU5_bit, BitPos(WPU5_bit+0)
;f675-fan-ctl.mpas,109 :: 		WPU2_bit:=1;
0x0294	0x1515      	BSF        WPU2_bit, BitPos(WPU2_bit+0)
;f675-fan-ctl.mpas,110 :: 		CMCON:=7;
0x0295	0x3007      	MOVLW      7
0x0296	0x1283      	BCF        STATUS, 5
0x0297	0x0099      	MOVWF      CMCON
;f675-fan-ctl.mpas,111 :: 		ANSEL:=%00000001; // Analog channnel 1 only.
0x0298	0x3001      	MOVLW      1
0x0299	0x1683      	BSF        STATUS, 5
0x029A	0x009F      	MOVWF      ANSEL
;f675-fan-ctl.mpas,112 :: 		TRISIO:=%11111011;
0x029B	0x30FB      	MOVLW      251
0x029C	0x0085      	MOVWF      TRISIO
;f675-fan-ctl.mpas,118 :: 		PWM:=0;
0x029D	0x01AE      	CLRF       _PWM
;f675-fan-ctl.mpas,119 :: 		LPWM:=0;
0x029E	0x01AF      	CLRF       _LPWM
;f675-fan-ctl.mpas,120 :: 		PWM_State:=0;
0x029F	0x1030      	BCF        _PWM_State, BitPos(_PWM_State+0)
;f675-fan-ctl.mpas,121 :: 		TMR0:=0;
0x02A0	0x1283      	BCF        STATUS, 5
0x02A1	0x0181      	CLRF       TMR0
;f675-fan-ctl.mpas,122 :: 		T0CS_bit:=0;
0x02A2	0x1683      	BSF        STATUS, 5
0x02A3	0x1281      	BCF        T0CS_bit, BitPos(T0CS_bit+0)
;f675-fan-ctl.mpas,123 :: 		PSA_bit:=0;      // 1:8 prescale ~ 465Hz @ 4MHz
0x02A4	0x1181      	BCF        PSA_bit, BitPos(PSA_bit+0)
;f675-fan-ctl.mpas,124 :: 		PS2_bit:=0;
0x02A5	0x1101      	BCF        PS2_bit, BitPos(PS2_bit+0)
;f675-fan-ctl.mpas,125 :: 		PS0_bit:=0;
0x02A6	0x1001      	BCF        PS0_bit, BitPos(PS0_bit+0)
;f675-fan-ctl.mpas,126 :: 		TMR0IE_bit:=1;
0x02A7	0x168B      	BSF        TMR0IE_bit, BitPos(TMR0IE_bit+0)
;f675-fan-ctl.mpas,127 :: 		PEIE_bit:=1;
0x02A8	0x170B      	BSF        PEIE_bit, BitPos(PEIE_bit+0)
;f675-fan-ctl.mpas,128 :: 		GIE_bit:=1;
0x02A9	0x178B      	BSF        GIE_bit, BitPos(GIE_bit+0)
;f675-fan-ctl.mpas,130 :: 		while True do begin
L__main24:
;f675-fan-ctl.mpas,132 :: 		PWM_FLAG:=0;
0x02AA	0x01B1      	CLRF       _PWM_FLAG
;f675-fan-ctl.mpas,133 :: 		if PWM_75_0=1 then
0x02AB	0x1283      	BCF        STATUS, 5
0x02AC	0x1E85      	BTFSS      GP5_bit, BitPos(GP5_bit+0)
0x02AD	0x2AAF      	GOTO       L__main29
;f675-fan-ctl.mpas,134 :: 		SetBit(PWM_FLAG,0);
0x02AE	0x1431      	BSF        _PWM_FLAG, 0
L__main29:
;f675-fan-ctl.mpas,135 :: 		if PWM_50_0=1 then
0x02AF	0x1C85      	BTFSS      GP1_bit, BitPos(GP1_bit+0)
0x02B0	0x2AB2      	GOTO       L__main32
;f675-fan-ctl.mpas,136 :: 		SetBit(PWM_FLAG,1);
0x02B1	0x14B1      	BSF        _PWM_FLAG, 1
L__main32:
;f675-fan-ctl.mpas,138 :: 		3: begin
0x02B2	0x0831      	MOVF       _PWM_FLAG, 0
0x02B3	0x3A03      	XORLW      3
0x02B4	0x1D03      	BTFSS      STATUS, 2
0x02B5	0x2ABB      	GOTO       L__main37
;f675-fan-ctl.mpas,139 :: 		PWM_BASE:=CPWM_BASE_40;
0x02B6	0x3066      	MOVLW      102
0x02B7	0x00A5      	MOVWF      _PWM_BASE
;f675-fan-ctl.mpas,140 :: 		PWM_INC:=CPWM_INC_40;
0x02B8	0x303B      	MOVLW      59
0x02B9	0x00AC      	MOVWF      _PWM_INC
;f675-fan-ctl.mpas,141 :: 		end;
0x02BA	0x2AD1      	GOTO       L__main34
L__main37:
;f675-fan-ctl.mpas,143 :: 		2: begin
0x02BB	0x0831      	MOVF       _PWM_FLAG, 0
0x02BC	0x3A02      	XORLW      2
0x02BD	0x1D03      	BTFSS      STATUS, 2
0x02BE	0x2AC4      	GOTO       L__main40
;f675-fan-ctl.mpas,144 :: 		PWM_BASE:=CPWM_BASE_50;
0x02BF	0x307F      	MOVLW      127
0x02C0	0x00A5      	MOVWF      _PWM_BASE
;f675-fan-ctl.mpas,145 :: 		PWM_INC:=CPWM_INC_50;
0x02C1	0x3032      	MOVLW      50
0x02C2	0x00AC      	MOVWF      _PWM_INC
;f675-fan-ctl.mpas,146 :: 		end;
0x02C3	0x2AD1      	GOTO       L__main34
L__main40:
;f675-fan-ctl.mpas,148 :: 		1: begin
0x02C4	0x0831      	MOVF       _PWM_FLAG, 0
0x02C5	0x3A01      	XORLW      1
0x02C6	0x1D03      	BTFSS      STATUS, 2
0x02C7	0x2ACD      	GOTO       L__main43
;f675-fan-ctl.mpas,149 :: 		PWM_BASE:=CPWM_BASE_75;
0x02C8	0x30C0      	MOVLW      192
0x02C9	0x00A5      	MOVWF      _PWM_BASE
;f675-fan-ctl.mpas,150 :: 		PWM_INC:=CPWM_INC_75;
0x02CA	0x3019      	MOVLW      25
0x02CB	0x00AC      	MOVWF      _PWM_INC
;f675-fan-ctl.mpas,152 :: 		else begin
0x02CC	0x2AD1      	GOTO       L__main34
L__main43:
;f675-fan-ctl.mpas,153 :: 		PWM_BASE:=CPWM_BASE_30;
0x02CD	0x304F      	MOVLW      79
0x02CE	0x00A5      	MOVWF      _PWM_BASE
;f675-fan-ctl.mpas,154 :: 		PWM_INC:=CPWM_INC_30;
0x02CF	0x3044      	MOVLW      68
0x02D0	0x00AC      	MOVWF      _PWM_INC
;f675-fan-ctl.mpas,155 :: 		end;
L__main34:
;f675-fan-ctl.mpas,158 :: 		rdata:=ADC_Read(0);
0x02D1	0x01B4      	CLRF       FARG_ADC_Read_channel
0x02D2	0x220A      	CALL       _ADC_Read
0x02D3	0x0850      	MOVF       R0, 0
0x02D4	0x00AA      	MOVWF      _rdata
0x02D5	0x0851      	MOVF       R0+1, 0
0x02D6	0x00AB      	MOVWF      _rdata+1
;f675-fan-ctl.mpas,159 :: 		rreg:=VRES*rdata*10 div (1024-rdata) div 10;    // get resister
0x02D7	0x3000      	MOVLW      0
0x02D8	0x00D2      	MOVWF      R0+2
0x02D9	0x00D3      	MOVWF      R0+3
0x02DA	0x3098      	MOVLW      152
0x02DB	0x00D4      	MOVWF      R4
0x02DC	0x3008      	MOVLW      8
0x02DD	0x00D5      	MOVWF      R4+1
0x02DE	0x01D6      	CLRF       R4+2
0x02DF	0x01D7      	CLRF       R4+3
0x02E0	0x203E      	CALL       _Mul_32x32_U
0x02E1	0x300A      	MOVLW      10
0x02E2	0x00D4      	MOVWF      R4
0x02E3	0x01D5      	CLRF       R4+1
0x02E4	0x01D6      	CLRF       R4+2
0x02E5	0x01D7      	CLRF       R4+3
0x02E6	0x203E      	CALL       _Mul_32x32_U
0x02E7	0x3000      	MOVLW      0
0x02E8	0x00DC      	MOVWF      R12
0x02E9	0x3004      	MOVLW      4
0x02EA	0x00DD      	MOVWF      R12+1
0x02EB	0x01DE      	CLRF       R12+2
0x02EC	0x01DF      	CLRF       R12+3
0x02ED	0x082A      	MOVF       _rdata, 0
0x02EE	0x00D8      	MOVWF      R8
0x02EF	0x082B      	MOVF       _rdata+1, 0
0x02F0	0x00D9      	MOVWF      R8+1
0x02F1	0x01DA      	CLRF       R8+2
0x02F2	0x01DB      	CLRF       R8+3
0x02F3	0x085C      	MOVF       R12, 0
0x02F4	0x00D4      	MOVWF      R4
0x02F5	0x085D      	MOVF       R12+1, 0
0x02F6	0x00D5      	MOVWF      R4+1
0x02F7	0x085E      	MOVF       R12+2, 0
0x02F8	0x00D6      	MOVWF      R4+2
0x02F9	0x085F      	MOVF       R12+3, 0
0x02FA	0x00D7      	MOVWF      R4+3
0x02FB	0x0858      	MOVF       R8, 0
0x02FC	0x02D4      	SUBWF      R4, 1
0x02FD	0x0859      	MOVF       R8+1, 0
0x02FE	0x1C03      	BTFSS      STATUS, 0
0x02FF	0x0F59      	INCFSZ     R8+1, 0
0x0300	0x02D5      	SUBWF      R4+1, 1
0x0301	0x085A      	MOVF       R8+2, 0
0x0302	0x1C03      	BTFSS      STATUS, 0
0x0303	0x0F5A      	INCFSZ     R8+2, 0
0x0304	0x02D6      	SUBWF      R4+2, 1
0x0305	0x085B      	MOVF       R8+3, 0
0x0306	0x1C03      	BTFSS      STATUS, 0
0x0307	0x0F5B      	INCFSZ     R8+3, 0
0x0308	0x02D7      	SUBWF      R4+3, 1
0x0309	0x2092      	CALL       _Div_32x32_U
0x030A	0x300A      	MOVLW      10
0x030B	0x00D4      	MOVWF      R4
0x030C	0x01D5      	CLRF       R4+1
0x030D	0x01D6      	CLRF       R4+2
0x030E	0x01D7      	CLRF       R4+3
0x030F	0x2092      	CALL       _Div_32x32_U
0x0310	0x0850      	MOVF       R0, 0
0x0311	0x00A6      	MOVWF      _rreg
0x0312	0x0851      	MOVF       R0+1, 0
0x0313	0x00A7      	MOVWF      _rreg+1
0x0314	0x0852      	MOVF       R0+2, 0
0x0315	0x00A8      	MOVWF      _rreg+2
0x0316	0x0853      	MOVF       R0+3, 0
0x0317	0x00A9      	MOVWF      _rreg+3
;f675-fan-ctl.mpas,160 :: 		rtemp:=tempidx(LoWord(rreg));
0x0318	0x0826      	MOVF       _rreg, 0
0x0319	0x00B4      	MOVWF      FARG_tempidx_r
0x031A	0x0827      	MOVF       _rreg+1, 0
0x031B	0x00B5      	MOVWF      FARG_tempidx_r+1
0x031C	0x225F      	CALL       _tempidx
0x031D	0x1283      	BCF        STATUS, 5
0x031E	0x0850      	MOVF       R0, 0
0x031F	0x00A4      	MOVWF      _rtemp
;f675-fan-ctl.mpas,163 :: 		tpwm:=PWM_BASE+rtemp*PWM_INC div 10;
0x0320	0x3000      	MOVLW      0
0x0321	0x00D1      	MOVWF      R0+1
0x0322	0x082C      	MOVF       _PWM_INC, 0
0x0323	0x00D4      	MOVWF      R4
0x0324	0x01D5      	CLRF       R4+1
0x0325	0x2234      	CALL       _Mul_16x16_U
0x0326	0x300A      	MOVLW      10
0x0327	0x00D4      	MOVWF      R4
0x0328	0x01D5      	CLRF       R4+1
0x0329	0x2075      	CALL       _Div_16x16_U
0x032A	0x0850      	MOVF       R0, 0
0x032B	0x0725      	ADDWF      _PWM_BASE, 0
0x032C	0x00A2      	MOVWF      _tpwm
0x032D	0x3000      	MOVLW      0
0x032E	0x1803      	BTFSC      STATUS, 0
0x032F	0x3E01      	ADDLW      1
0x0330	0x0751      	ADDWF      R0+1, 0
0x0331	0x00A3      	MOVWF      _tpwm+1
;f675-fan-ctl.mpas,164 :: 		if Hi(tpwm)>0 then
0x0332	0x0823      	MOVF       _tpwm+1, 0
0x0333	0x3C00      	SUBLW      0
0x0334	0x1803      	BTFSC      STATUS, 0
0x0335	0x2B38      	GOTO       L__main45
;f675-fan-ctl.mpas,165 :: 		lo(tpwm):=CPWM_MAX;
0x0336	0x30FF      	MOVLW      255
0x0337	0x00A2      	MOVWF      _tpwm
L__main45:
;f675-fan-ctl.mpas,166 :: 		if lo(tpwm)>CPWM_MAX then
0x0338	0x0822      	MOVF       _tpwm, 0
0x0339	0x3CFF      	SUBLW      255
0x033A	0x1803      	BTFSC      STATUS, 0
0x033B	0x2B3E      	GOTO       L__main48
;f675-fan-ctl.mpas,167 :: 		lo(tpwm):=CPWM_MAX;
0x033C	0x30FF      	MOVLW      255
0x033D	0x00A2      	MOVWF      _tpwm
L__main48:
;f675-fan-ctl.mpas,168 :: 		PWM:=Lo(tpwm);
0x033E	0x0822      	MOVF       _tpwm, 0
0x033F	0x00AE      	MOVWF      _PWM
;f675-fan-ctl.mpas,169 :: 		Delay_500us;
0x0340	0x2286      	CALL       _Delay_500us
;f675-fan-ctl.mpas,170 :: 		end;
0x0341	0x2AAA      	GOTO       L__main24
;f675-fan-ctl.mpas,171 :: 		end.
L_end_main:
0x0342	0x2B42      	GOTO       $+0
; end of _main
Symbol List:
//** Routines locations **
//ADDRESS    SIZE    PROCEDURE
//----------------------------------------------
0x0004      [41]    _Interrupt
0x002D       [6]    _Delay_22us
0x0033      [11]    _EEPROM_Read
0x003E      [55]    _Mul_32x32_U
0x0075      [29]    _Div_16x16_U
0x0092     [376]    _Div_32x32_U
0x020A      [42]    _ADC_Read
0x0234      [43]    _Mul_16x16_U
0x025F      [39]    _tempidx
0x0286       [8]    _Delay_500us
0x028E     [181]    _main
//** Variables locations ** 
//ADDRESS    SIZE    VARIABLE
//----------------------------------------------
0x0001       [1]    TMR0
0x0003       [1]    STATUS
0x0005       [1]    GPIO
0x0005       [0]    GP2_bit
0x0005       [0]    GP1_bit
0x0005       [0]    GP5_bit
0x0005       [0]    GP4_bit
0x0005       [0]    PWM_75_0
0x0005       [0]    PWM_50_0
0x0005       [0]    PWM_HIGH
0x0005       [0]    PWM_OUT
0x000B       [0]    PEIE_bit
0x000B       [0]    GIE_bit
0x000B       [0]    TMR0IE_bit
0x000B       [0]    T0IF_bit
0x0019       [1]    CMCON
0x001E       [1]    ADRESH
0x001F       [1]    ADCON0
0x0020       [1]    ___math_tempb
0x0022       [2]    _tpwm
0x0024       [1]    _rtemp
0x0025       [1]    _PWM_BASE
0x0026       [4]    _rreg
0x002A       [2]    _rdata
0x002C       [1]    _PWM_INC
0x002D       [1]    _ON_PWM
0x002E       [1]    _PWM
0x002F       [1]    _LPWM
0x0030       [0]    _PWM_State
0x0031       [1]    _PWM_FLAG
0x0032       [1]    ___saveSTATUS
0x0033       [1]    ___savePCLATH
0x0034       [2]    FARG_tempidx_r
0x0034       [1]    FARG_ADC_Read_channel
0x0035       [2]    ADC_Read_local_result
0x0036       [1]    tempidx_local_result
0x0037       [1]    tempidx_idx
0x0038       [2]    tempidx_tempr
0x003A       [1]    FARG_EEPROM_Read_address
0x0050       [1]    R0
0x0051       [1]    R1
0x0052       [1]    R2
0x0053       [1]    R3
0x0054       [1]    R4
0x0055       [1]    R5
0x0056       [1]    R6
0x0057       [1]    R7
0x0058       [1]    R8
0x0059       [1]    R9
0x005A       [1]    R10
0x005B       [1]    R11
0x005C       [1]    R12
0x005D       [1]    R13
0x005E       [1]    R14
0x005F       [1]    R15
0x0081       [0]    T0CS_bit
0x0081       [0]    PSA_bit
0x0081       [0]    NOT_GPPU_bit
0x0081       [0]    PS0_bit
0x0081       [0]    PS2_bit
0x0085       [1]    TRISIO
0x0095       [0]    WPU2_bit
0x0095       [0]    WPU4_bit
0x0095       [0]    WPU5_bit
0x009A       [1]    EEDATA
0x009B       [1]    EEADR
0x009C       [1]    EECON1
0x009E       [1]    ADRESL
0x009F       [1]    ANSEL
//** Label List: ** 
//----------------------------------------------
  L_end__Interrupt
  L__Interrupt1
  L__Interrupt2
  L__Interrupt3
  L__Interrupt4
  L__Interrupt5
  L__Interrupt6
  L__Interrupt7
  L__Interrupt8
  L__Interrupt9
  L_end__tempidx
  L__tempidx11
  L__tempidx12
  L__tempidx13
  L__tempidx14
  L__tempidx15
  L__tempidx16
  L__tempidx17
  L__tempidx18
  L__tempidx19
  L__tempidx20
  L__tempidx21
  L_end__main
  L__main23
  L__main24
  L__main25
  L__main26
  L__main27
  L__main28
  L__main29
  L__main30
  L__main31
  L__main32
  L__main33
  L__main34
  L__main35
  L__main36
  L__main37
  L__main38
  L__main39
  L__main40
  L__main41
  L__main42
  L__main43
  L__main44
  L__main45
  L__main46
  L__main47
  L__main48
  L__main49
  L_end_Interrupt
  _Interrupt
  L__Interrupt51
  L_end_tempidx
  _tempidx
  L__tempidx53
  L_end_main
  _main
  L_end__ADC_Init
  L_end__ADC_Get_Sample
  L__ADC_Get_Sample2
  L__ADC_Get_Sample3
  L__ADC_Get_Sample4
  L__ADC_Get_Sample5
  L__ADC_Get_Sample6
  L_end__ADC_Read
  L__ADC_Read8
  L__ADC_Read9
  L__ADC_Read10
  L__ADC_Read11
  L__ADC_Read12
  L_end_ADC_Init
  _ADC_Init
  L_end_ADC_Get_Sample
  _ADC_Get_Sample
  L_end_ADC_Read
  _ADC_Read
  L_end__Get_Fosc_kHz
  L_end__Delay_1us
  L_end__Delay_10us
  L__Delay_10us3
  L_end__Delay_22us
  L__Delay_22us5
  L_end__Delay_50us
  L__Delay_50us7
  L_end__Delay_80us
  L__Delay_80us9
  L_end__Delay_500us
  L__Delay_500us11
  L_end__Delay_5500us
  L__Delay_5500us13
  L_end__Delay_1ms
  L__Delay_1ms15
  L_end__Delay_5ms
  L__Delay_5ms17
  L_end__Delay_8ms
  L__Delay_8ms19
  L_end__Delay_100ms
  L__Delay_100ms21
  L_end__Delay_10ms
  L__Delay_10ms23
  L_end__Delay_1sec
  L__Delay_1sec25
  L_end__Delay_Cyc
  L__Delay_Cyc27
  L__Delay_Cyc28
  L__Delay_Cyc29
  L__Delay_Cyc30
  L__Delay_Cyc31
  L_end__VDelay_ms
  L__VDelay_ms33
  L__VDelay_ms34
  L__VDelay_ms35
  L__VDelay_ms36
  L__VDelay_ms37
  L__VDelay_ms38
  L__VDelay_ms39
  L__VDelay_ms40
  L_end__VDelay_Advanced_ms
  L__VDelay_Advanced_ms42
  L__VDelay_Advanced_ms43
  L__VDelay_Advanced_ms44
  L__VDelay_Advanced_ms45
  L__VDelay_Advanced_ms46
  L__VDelay_Advanced_ms47
  L__VDelay_Advanced_ms48
  L__VDelay_Advanced_ms49
  L_end_Get_Fosc_kHz
  _Get_Fosc_kHz
  L_end_Delay_1us
  _Delay_1us
  L_end_Delay_10us
  _Delay_10us
  L_end_Delay_22us
  _Delay_22us
  L_end_Delay_50us
  _Delay_50us
  L_end_Delay_80us
  _Delay_80us
  L_end_Delay_500us
  _Delay_500us
  L_end_Delay_5500us
  _Delay_5500us
  L_end_Delay_1ms
  _Delay_1ms
  L_end_Delay_5ms
  _Delay_5ms
  L_end_Delay_8ms
  _Delay_8ms
  L_end_Delay_100ms
  _Delay_100ms
  L_end_Delay_10ms
  _Delay_10ms
  L_end_Delay_1sec
  _Delay_1sec
  L_end_Delay_Cyc
  _Delay_Cyc
  L_end_VDelay_ms
  _VDelay_ms
  L__VDelay_ms66
  L__VDelay_ms67
  L__VDelay_ms68
  L__VDelay_ms69
  L_end_VDelay_Advanced_ms
  _VDelay_Advanced_ms
  L__VDelay_Advanced_ms71
  L__VDelay_Advanced_ms72
  L__VDelay_Advanced_ms73
  L__VDelay_Advanced_ms74
  L_end__EEPROM_Read
  L_end__EEPROM_Write
  L__EEPROM_Write2
  L__EEPROM_Write3
  L__EEPROM_Write4
  L__EEPROM_Write5
  L__EEPROM_Write6
  L_end_EEPROM_Read
  _EEPROM_Read
  L_end_EEPROM_Write
  _EEPROM_Write
  L__EEPROM_Write9
  L__EEPROM_Write10
  L_end__Mul_8x8_U
  L_end__Mul_16x16_U
  L_end__Div_8x8_U
  L__Div_8x8_U3
  L__Div_8x8_U4
  L__Div_8x8_U5
  L_end__Div_16x16_U
  L_end__Mul_8x8_S
  L_end__Mul_16x16_S
  L_end__Div_16x16_S_L
  L_end__Div_16x16_S
  L__Div_16x16_S11
  L__Div_16x16_S12
  L__Div_16x16_S13
  L__Div_16x16_S14
  L__Div_16x16_S15
  L__Div_16x16_S16
  L_end__Div_8x8_S
  L_end__SDIV3232L
  LOOPS3232A
  SADD22LA
  SOK22LA
  SADD22L8
  SOK22L8
  LOOPS3232B
  SADD22LB
  SOK22LB
  SADD22L16
  SOK22L16
  LOOPS3232C
  SADD22LC
  SOK22LC
  SADD22L24
  SOK22L24
  LOOPS3232D
  SADD22LD
  SOK22LD
  SOK22L
  L_end__COMFREM
  L_end__Div_32x32_S
  L__Div_32x32_S25
  L__Div_32x32_S26
  L__Div_32x32_S27
  L__Div_32x32_S28
  L__Div_32x32_S29
  L__Div_32x32_S30
  L__Div_32x32_S31
  L__Div_32x32_S32
  L__Div_32x32_S33
  L__Div_32x32_S34
  L__Div_32x32_S35
  L__Div_32x32_S36
  FXD3232S
  END_ALL
  CA3232S
  C3232SX
  C3232SX1
  C3232S
  C3232S2
  C3232SX4
  C3232SOK
  C3232SX3
  C3232SX2
  avoid_comfrem
  L_end__Div_32x32_U
  LOOPU3232A
  UADD22LA
  UOK22LA
  UADD22L8
  UOK22L8
  LOOPU3232B
  UADD22LB
  UOK22LB
  UADD22L16
  UOK22L16
  LOOPU3232C
  UADD22LC
  UOK22LC
  UADD22L24
  UOK22L24
  LOOPU3232D
  UADD22LD
  UOK22LD
  UOK22L
  L_end__Mul_32x32_U
  _NEXT
  _EXIT2
  _LOOP
  _EXIT1
  L_end__Mul_32x32_S
  _IF_FIRST
  _IF_SECOND
  _INVERCE_FIRST
  _MULT
  _INBERSE_SECOND
  _EXIT
  L_end_Mul_8x8_U
  _Mul_8x8_U
  L_end_Mul_16x16_U
  _Mul_16x16_U
  L_end_Div_8x8_U
  _Div_8x8_U
  L_end_Div_16x16_U
  _Div_16x16_U
  L_end_Mul_8x8_S
  _Mul_8x8_S
  L_end_Mul_16x16_S
  _Mul_16x16_S
  L_end_Div_16x16_S_L
  _Div_16x16_S_L
  L_end_Div_16x16_S
  _Div_16x16_S
  L_end_Div_8x8_S
  _Div_8x8_S
  L_end_SDIV3232L
  _SDIV3232L
  L_end_COMFREM
  _COMFREM
  L_end_Div_32x32_S
  _Div_32x32_S
  L_end_Div_32x32_U
  _Div_32x32_U
  L_end_Mul_32x32_U
  _Mul_32x32_U
  L_end_Mul_32x32_S
  _Mul_32x32_S
  L_end__Interrupt
  L__Interrupt1
  L__Interrupt2
  L__Interrupt3
  L__Interrupt4
  L__Interrupt5
  L__Interrupt6
  L__Interrupt7
  L__Interrupt8
  L__Interrupt9
  L_end__tempidx
  L__tempidx11
  L__tempidx12
  L__tempidx13
  L__tempidx14
  L__tempidx15
  L__tempidx16
  L__tempidx17
  L__tempidx18
  L__tempidx19
  L__tempidx20
  L__tempidx21
  L_end__main
  L__main23
  L__main24
  L__main25
  L__main26
  L__main27
  L__main28
  L__main29
  L__main30
  L__main31
  L__main32
  L__main33
  L__main34
  L__main35
  L__main36
  L__main37
  L__main38
  L__main39
  L__main40
  L__main41
  L__main42
  L__main43
  L__main44
  L__main45
  L__main46
  L__main47
  L__main48
  L__main49
  L_end_Interrupt
  _Interrupt
  L__Interrupt51
  L_end_tempidx
  _tempidx
  L__tempidx53
  L_end_main
  _main
